Arguments: 
  C:\Program Files\nodejs\node.exe C:\Program Files (x86)\Yarn\bin\yarn.js add bull-board

PATH: 
  C:\php-8.1.1;C:\Windows;C:\Windows\System32\Wbem;C:\Windows\System32\WindowsPowerShell\v1.0\;C:\Windows\System32\OpenSSH\;C:\Program Files\NVIDIA Corporation\NVIDIA NvDLISR;C:\Program Files (x86)\NVIDIA Corporation\PhysX\Common;C:\ProgramData\chocolatey\bin;C:\WINDOWS\system32;C:\WINDOWS;C:\WINDOWS\System32\Wbem;C:\WINDOWS\System32\WindowsPowerShell\v1.0\;C:\WINDOWS\System32\OpenSSH\;C:\flutter\bin;C:\Program Files\Java\jdk-17;C:\Progra~1\Java\jdk-17\bin;C:\Program Files\nodejs\;C:\Program Files\dotnet\;C:\Program Files\Microsoft SQL Server\150\Tools\Binn\;C:\Program Files\Microsoft SQL Server\Client SDK\ODBC\170\Tools\Binn\;C:\Program Files (x86)\Yarn\bin\;C:\ProgramData\ComposerSetup\bin;D:\Program Files\Bitvise;D:\Program Files\Git\cmd;C:\Program Files\Docker\Docker\resources\bin;C:\ProgramData\DockerDesktop\version-bin;C:\Program Files\MySQL\MySQL Shell 8.0\bin\;C:\Users\Lucas\AppData\Local\Programs\Python\Python38\Scripts\;C:\Users\Lucas\AppData\Local\Programs\Python\Python38\;C:\Users\Lucas\AppData\Local\Microsoft\WindowsApps;D:\Program Files\Microsoft VS Code\bin;C:\Users\Lucas\AppData\Roaming\npm;C:\Users\Lucas\AppData\Local\Yarn\bin;C:\Users\Lucas\AppData\Roaming\Composer\vendor\bin;C:\Users\Lucas\.dotnet\tools

Yarn version: 
  1.22.15

Node version: 
  16.11.1

Platform: 
  win32 x64

Trace: 
  Error: EPERM: operation not permitted, unlink 'D:\dev\node\bjredis\node_modules\@msgpackr-extract\msgpackr-extract-win32-x64\node.abi93.node'

npm manifest: 
  {
    "name": "bjredis",
    "version": "1.0.0",
    "main": "index.js",
    "license": "MIT",
    "scripts": {
      "dev": "npm-run-all -p dev:*",
      "dev:server": "nodemon src/server.js",
      "dev:queue": "nodemon src/queue.js"
    },
    "dependencies": {
      "bull": "^4.8.3",
      "dotenv": "^16.0.1",
      "express": "^4.18.1",
      "nodemailer": "^6.7.5"
    },
    "devDependencies": {
      "nodemon": "^2.0.16",
      "npm-run-all": "^4.1.5",
      "sucrase": "^3.21.0"
    }
  }

yarn manifest: 
  No manifest

Lockfile: 
  No lockfile
